Checking mochifmt
Checking mochifmt_records
Checking mochifmt_std
Checking mochiglobal
Checking mochihex
Checking mochijson
Checking mochijson2
Checking mochilists
Checking mochilogfile2
Checking mochinum
Checking mochitemp
Checking mochiutf8
Checking mochiweb
Checking mochiweb_acceptor
Checking mochiweb_base64url
Checking mochiweb_charref
Checking mochiweb_clock
Checking mochiweb_cookies
Checking mochiweb_cover
Checking mochiweb_echo
Checking mochiweb_headers
Checking mochiweb_html
Checking mochiweb_http
Checking mochiweb_io
Checking mochiweb_mime
Checking mochiweb_multipart
Checking mochiweb_request
Checking mochiweb_response
Checking mochiweb_session
Checking mochiweb_socket
Checking mochiweb_socket_server
Checking mochiweb_util
Checking mochiweb_websocket
Checking reloader
Checking sync
Checking sync_notify
Checking sync_options
Checking sync_scanner
Checking sync_utils
Checking webmachine
Checking webmachine_access_log_handler
Checking webmachine_app
Checking webmachine_decision_core
Checking webmachine_deps
Checking webmachine_dispatcher
Checking webmachine_error_handler
Checking webmachine_error_log_handler
Checking webmachine_headers
Checking webmachine_log
Checking webmachine_logger_watcher
Checking webmachine_logger_watcher_sup
Checking webmachine_mochiweb
Checking webmachine_multipart
Checking webmachine_perf_log_handler
Checking webmachine_request
Checking webmachine_resource
Checking webmachine_router
Checking webmachine_status_code
Checking webmachine_sup
Checking webmachine_util
Checking wmtrace_resource
Checking wrq
Checking default_resource
Checking kalihi_resource
Checking kona_resource
Checking luau_resource
Checking wakako
Checking wakako_app
Checking wakako_config
Checking wakako_json
Checking wakako_resource
Checking wakako_sup
Checking mochiweb_acceptor
Checking mochiweb_request
Checking mochiweb_socket_server
Checking webmachine_access_log_handler
Checking webmachine_app
Checking webmachine_decision_core
Checking webmachine_dispatcher
Checking webmachine_error_log_handler
Checking webmachine_log
Checking webmachine_mochiweb
Checking webmachine_perf_log_handler
Checking webmachine_request
Checking webmachine_resource
Checking webmachine_sup
Checking wmtrace_resource
Checking wrq
Checking default_resource
Checking kalihi_resource
Checking kona_resource
Checking luau_resource
Checking wakako_resource
/home/kapranov/Projects/bin/erlang-projects/nfc_card/apps/wakako/src/wakako.erl
/home/kapranov/Projects/bin/erlang-projects/nfc_card/apps/wakako/src/wakako_app.erl
/home/kapranov/Projects/bin/erlang-projects/nfc_card/apps/wakako/src/wakako_app.erl
/home/kapranov/Projects/bin/erlang-projects/nfc_card/apps/wakako/src/wakako_app.erl
/home/kapranov/Projects/bin/erlang-projects/nfc_card/apps/wakako/src/wakako.erl
/home/kapranov/Projects/bin/erlang-projects/nfc_card/apps/wakako/src/wakako_app.erl
Checking mochifmt
Checking mochifmt_records
Checking mochifmt_std
Checking mochiglobal
Checking mochihex
Checking mochijson
Checking mochijson2
Checking mochilists
Checking mochilogfile2
Checking mochinum
Checking mochitemp
Checking mochiutf8
Checking mochiweb
Checking mochiweb_acceptor
Checking mochiweb_base64url
Checking mochiweb_charref
Checking mochiweb_clock
Checking mochiweb_cookies
Checking mochiweb_cover
Checking mochiweb_echo
Checking mochiweb_headers
Checking mochiweb_html
Checking mochiweb_http
Checking mochiweb_io
Checking mochiweb_mime
Checking mochiweb_multipart
Checking mochiweb_request
Checking mochiweb_response
Checking mochiweb_session
Checking mochiweb_socket
Checking mochiweb_socket_server
Checking mochiweb_util
Checking mochiweb_websocket
Checking reloader
Checking sync
Checking sync_notify
Checking sync_options
Checking sync_scanner
Checking sync_utils
Checking webmachine
Checking webmachine_access_log_handler
Checking webmachine_app
Checking webmachine_decision_core
Checking webmachine_deps
Checking webmachine_dispatcher
Checking webmachine_error_handler
Checking webmachine_error_log_handler
Checking webmachine_headers
Checking webmachine_log
Checking webmachine_logger_watcher
Checking webmachine_logger_watcher_sup
Checking webmachine_mochiweb
Checking webmachine_multipart
Checking webmachine_perf_log_handler
Checking webmachine_request
Checking webmachine_resource
Checking webmachine_router
Checking webmachine_status_code
Checking webmachine_sup
Checking webmachine_util
Checking wmtrace_resource
Checking wrq
Checking default_resource
Checking kalihi_resource
Checking kona_resource
Checking luau_resource
Checking wakako
Checking wakako_app
Checking wakako_config
Checking wakako_json
Checking wakako_resource
Checking wakako_sup
Checking mochiweb_acceptor
Checking mochiweb_request
Checking mochiweb_socket_server
Checking webmachine_access_log_handler
Checking webmachine_app
Checking webmachine_decision_core
Checking webmachine_dispatcher
Checking webmachine_error_log_handler
Checking webmachine_log
Checking webmachine_mochiweb
Checking webmachine_perf_log_handler
Checking webmachine_request
Checking webmachine_resource
Checking webmachine_sup
Checking wmtrace_resource
Checking wrq
Checking default_resource
Checking kalihi_resource
Checking kona_resource
Checking luau_resource
Checking wakako_resource
/home/kapranov/Projects/bin/erlang-projects/nfc_card/apps/wakako/src/wakako.erl
Checking mochifmt
Checking mochifmt_records
Checking mochifmt_std
Checking mochiglobal
Checking mochihex
Checking mochijson
Checking mochijson2
Checking mochilists
Checking mochilogfile2
Checking mochinum
Checking mochitemp
Checking mochiutf8
Checking mochiweb
Checking mochiweb_acceptor
Checking mochiweb_base64url
Checking mochiweb_charref
Checking mochiweb_clock
Checking mochiweb_cookies
Checking mochiweb_cover
Checking mochiweb_echo
Checking mochiweb_headers
Checking mochiweb_html
Checking mochiweb_http
Checking mochiweb_io
Checking mochiweb_mime
Checking mochiweb_multipart
Checking mochiweb_request
Checking mochiweb_response
Checking mochiweb_session
Checking mochiweb_socket
Checking mochiweb_socket_server
Checking mochiweb_util
Checking mochiweb_websocket
Checking reloader
Checking sync
Checking sync_notify
Checking sync_options
Checking sync_scanner
Checking sync_utils
Checking webmachine
Checking webmachine_access_log_handler
Checking webmachine_app
Checking webmachine_decision_core
Checking webmachine_deps
Checking webmachine_dispatcher
Checking webmachine_error_handler
Checking webmachine_error_log_handler
Checking webmachine_headers
Checking webmachine_log
Checking webmachine_logger_watcher
Checking webmachine_logger_watcher_sup
Checking webmachine_mochiweb
Checking webmachine_multipart
Checking webmachine_perf_log_handler
Checking webmachine_request
Checking webmachine_resource
Checking webmachine_router
Checking webmachine_status_code
Checking webmachine_sup
Checking webmachine_util
Checking wmtrace_resource
Checking wrq
Checking default_resource
Checking kalihi_resource
Checking kona_resource
Checking luau_resource
Checking wakako
Checking wakako_app
Checking wakako_config
Checking wakako_json
Checking wakako_resource
Checking wakako_sup
Checking mochiweb_acceptor
Checking mochiweb_request
Checking mochiweb_socket_server
Checking webmachine_access_log_handler
Checking webmachine_app
Checking webmachine_decision_core
Checking webmachine_dispatcher
Checking webmachine_error_log_handler
Checking webmachine_log
Checking webmachine_mochiweb
Checking webmachine_perf_log_handler
Checking webmachine_request
Checking webmachine_resource
Checking webmachine_sup
Checking wmtrace_resource
Checking wrq
Checking default_resource
Checking kalihi_resource
Checking kona_resource
Checking luau_resource
Checking wakako_resource
Checking mochifmt
Checking mochifmt_records
Checking mochifmt_std
Checking mochiglobal
Checking mochihex
Checking mochijson
Checking mochijson2
Checking mochilists
Checking mochilogfile2
Checking mochinum
Checking mochitemp
Checking mochiutf8
Checking mochiweb
Checking mochiweb_acceptor
Checking mochiweb_base64url
Checking mochiweb_charref
Checking mochiweb_clock
Checking mochiweb_cookies
Checking mochiweb_cover
Checking mochiweb_echo
Checking mochiweb_headers
Checking mochiweb_html
Checking mochiweb_http
Checking mochiweb_io
Checking mochiweb_mime
Checking mochiweb_multipart
Checking mochiweb_request
Checking mochiweb_response
Checking mochiweb_session
Checking mochiweb_socket
Checking mochiweb_socket_server
Checking mochiweb_util
Checking mochiweb_websocket
Checking reloader
Checking sync
Checking sync_notify
Checking sync_options
Checking sync_scanner
Checking sync_utils
Checking waialua
Checking waialua_app
Checking waialua_sup
Checking mochiweb_acceptor
Checking mochiweb_request
Checking mochiweb_socket_server
Checking mochifmt
Checking mochifmt_records
Checking mochifmt_std
Checking mochiglobal
Checking mochihex
Checking mochijson
Checking mochijson2
Checking mochilists
Checking mochilogfile2
Checking mochinum
Checking mochitemp
Checking mochiutf8
Checking mochiweb
Checking mochiweb_acceptor
Checking mochiweb_base64url
Checking mochiweb_charref
Checking mochiweb_clock
Checking mochiweb_cookies
Checking mochiweb_cover
Checking mochiweb_echo
Checking mochiweb_headers
Checking mochiweb_html
Checking mochiweb_http
Checking mochiweb_io
Checking mochiweb_mime
Checking mochiweb_multipart
Checking mochiweb_request
Checking mochiweb_response
Checking mochiweb_session
Checking mochiweb_socket
Checking mochiweb_socket_server
Checking mochiweb_util
Checking mochiweb_websocket
Checking reloader
Checking sync
Checking sync_notify
Checking sync_options
Checking sync_scanner
Checking sync_utils
Checking waialua
Checking waialua_app
Checking waialua_client
Checking waialua_consume
Checking waialua_publish
Checking waialua_sup
Checking mochiweb_acceptor
Checking mochiweb_request
Checking mochiweb_socket_server
/home/kapranov/Projects/bin/erlang-projects/nfc_card/apps/waialua/src/waialua_publish.erl
/home/kapranov/Projects/bin/erlang-projects/nfc_card/apps/waialua/src/waialua_publish.erl
/home/kapranov/Projects/bin/erlang-projects/nfc_card/apps/waialua/src/waialua_publish.erl
/home/kapranov/Projects/bin/erlang-projects/nfc_card/apps/waialua/src/waialua_publish.erl
/home/kapranov/Projects/bin/erlang-projects/nfc_card/apps/waialua/src/waialua_publish.erl
/home/kapranov/Projects/bin/erlang-projects/nfc_card/apps/waialua/src/waialua_publish.erl
/home/kapranov/Projects/bin/erlang-projects/nfc_card/apps/waialua/src/waialua_publish.erl
Checking brod
Checking brod_cg_commits
Checking brod_client
Checking brod_consumer
Checking brod_consumers_sup
Checking brod_group_coordinator
Checking brod_group_member
Checking brod_group_subscriber
Checking brod_group_subscriber_v2
Checking brod_group_subscriber_worker
Checking brod_kafka_apis
Checking brod_kafka_request
Checking brod_producer
Checking brod_producer_buffer
Checking brod_producers_sup
Checking brod_sup
Checking brod_supervisor3
Checking brod_topic_subscriber
Checking brod_topic_subscriber_cb_fun
Checking brod_transaction
Checking brod_transaction_processor
Checking brod_utils
Checking kpro
Checking kpro_api_vsn
Checking kpro_app
Checking kpro_auth_backend
Checking kpro_batch
Checking kpro_batch_v01
Checking kpro_brokers
Checking kpro_compress
Checking kpro_connection
Checking kpro_consumer_group
Checking kpro_lib
Checking kpro_prelude_schema
Checking kpro_req_lib
Checking kpro_rsp_lib
Checking kpro_sasl
Checking kpro_schema
Checking kpro_scram
Checking kpro_sent_reqs
Checking kpro_sup
Checking kpro_txn_lib
Checking kpro_varint
Checking mochifmt
Checking mochifmt_records
Checking mochifmt_std
Checking mochiglobal
Checking mochihex
Checking mochijson
Checking mochijson2
Checking mochilists
Checking mochilogfile2
Checking mochinum
Checking mochitemp
Checking mochiutf8
Checking mochiweb
Checking mochiweb_acceptor
Checking mochiweb_base64url
Checking mochiweb_charref
Checking mochiweb_clock
Checking mochiweb_cookies
Checking mochiweb_cover
Checking mochiweb_echo
Checking mochiweb_headers
Checking mochiweb_html
Checking mochiweb_http
Checking mochiweb_io
Checking mochiweb_mime
Checking mochiweb_multipart
Checking mochiweb_request
Checking mochiweb_response
Checking mochiweb_session
Checking mochiweb_socket
Checking mochiweb_socket_server
Checking mochiweb_util
Checking mochiweb_websocket
Checking reloader
Checking sync
Checking sync_notify
Checking sync_options
Checking sync_scanner
Checking sync_utils
Checking waialua
Checking waialua_app
Checking waialua_client
Checking waialua_consume
Checking waialua_publish
Checking waialua_sup
Checking mochiweb_socket_server
Checking brod
Checking kpro_rsp_lib
Checking mochiweb_acceptor
Checking brod_topic_subscriber_cb_fun
Checking brod_producer_buffer
Checking mochiweb_request
Checking brod_utils
Checking brod_kafka_apis
Checking waialua_consume
Checking brod_producers_sup
Checking kpro
Checking kpro_connection
Checking kpro_batch
Checking kpro_brokers
Checking brod_cg_commits
Checking brod_group_subscriber_v2
Checking kpro_batch_v01
Checking brod_transaction_processor
Checking brod_client
Checking kpro_sent_reqs
Checking brod_kafka_request
Checking kpro_consumer_group
Checking brod_group_subscriber
Checking kpro_lib
Checking kpro_sasl
Checking brod_topic_subscriber
Checking brod_producer
Checking brod_consumers_sup
Checking kpro_compress
Checking brod_sup
Checking brod_group_member
Checking kpro_txn_lib
Checking brod_consumer
Checking brod_group_subscriber_worker
Checking brod_group_coordinator
Checking kpro_req_lib
Checking brod
Checking brod_cg_commits
Checking brod_client
Checking brod_consumer
Checking brod_consumers_sup
Checking brod_group_coordinator
Checking brod_group_member
Checking brod_group_subscriber
Checking brod_group_subscriber_v2
Checking brod_group_subscriber_worker
Checking brod_kafka_apis
Checking brod_kafka_request
Checking brod_producer
Checking brod_producer_buffer
Checking brod_producers_sup
Checking brod_sup
Checking brod_supervisor3
Checking brod_topic_subscriber
Checking brod_topic_subscriber_cb_fun
Checking brod_transaction
Checking brod_transaction_processor
Checking brod_utils
Checking kpro
Checking kpro_api_vsn
Checking kpro_app
Checking kpro_auth_backend
Checking kpro_batch
Checking kpro_batch_v01
Checking kpro_brokers
Checking kpro_compress
Checking kpro_connection
Checking kpro_consumer_group
Checking kpro_lib
Checking kpro_prelude_schema
Checking kpro_req_lib
Checking kpro_rsp_lib
Checking kpro_sasl
Checking kpro_schema
Checking kpro_scram
Checking kpro_sent_reqs
Checking kpro_sup
Checking kpro_txn_lib
Checking kpro_varint
Checking mochifmt
Checking mochifmt_records
Checking mochifmt_std
Checking mochiglobal
Checking mochihex
Checking mochijson
Checking mochijson2
Checking mochilists
Checking mochilogfile2
Checking mochinum
Checking mochitemp
Checking mochiutf8
Checking mochiweb
Checking mochiweb_acceptor
Checking mochiweb_base64url
Checking mochiweb_charref
Checking mochiweb_clock
Checking mochiweb_cookies
Checking mochiweb_cover
Checking mochiweb_echo
Checking mochiweb_headers
Checking mochiweb_html
Checking mochiweb_http
Checking mochiweb_io
Checking mochiweb_mime
Checking mochiweb_multipart
Checking mochiweb_request
Checking mochiweb_response
Checking mochiweb_session
Checking mochiweb_socket
Checking mochiweb_socket_server
Checking mochiweb_util
Checking mochiweb_websocket
Checking reloader
Checking sync
Checking sync_notify
Checking sync_options
Checking sync_scanner
Checking sync_utils
Checking waialua
Checking waialua_app
Checking waialua_client
Checking waialua_consume
Checking waialua_publish
Checking waialua_sup
Checking mochiweb_socket_server
Checking brod
Checking kpro_rsp_lib
Checking mochiweb_acceptor
Checking brod_topic_subscriber_cb_fun
Checking brod_producer_buffer
Checking mochiweb_request
Checking brod_utils
Checking brod_kafka_apis
Checking waialua_consume
Checking brod_producers_sup
Checking kpro
Checking kpro_connection
Checking kpro_batch
Checking kpro_brokers
Checking brod_cg_commits
Checking brod_group_subscriber_v2
Checking kpro_batch_v01
Checking brod_transaction_processor
Checking brod_client
Checking kpro_sent_reqs
Checking brod_kafka_request
Checking kpro_consumer_group
Checking brod_group_subscriber
Checking kpro_lib
Checking kpro_sasl
Checking brod_topic_subscriber
Checking brod_producer
Checking brod_consumers_sup
Checking kpro_compress
Checking brod_sup
Checking brod_group_member
Checking kpro_txn_lib
Checking brod_consumer
Checking brod_group_subscriber_worker
Checking brod_group_coordinator
Checking kpro_req_lib
Checking crc32cer
Checking brod
Checking brod_cg_commits
Checking brod_client
Checking brod_consumer
Checking brod_consumers_sup
Checking brod_group_coordinator
Checking brod_group_member
Checking brod_group_subscriber
Checking brod_group_subscriber_v2
Checking brod_group_subscriber_worker
Checking brod_kafka_apis
Checking brod_kafka_request
Checking brod_producer
Checking brod_producer_buffer
Checking brod_producers_sup
Checking brod_sup
Checking brod_supervisor3
Checking brod_topic_subscriber
Checking brod_topic_subscriber_cb_fun
Checking brod_transaction
Checking brod_transaction_processor
Checking brod_utils
Checking kpro
Checking kpro_api_vsn
Checking kpro_app
Checking kpro_auth_backend
Checking kpro_batch
Checking kpro_batch_v01
Checking kpro_brokers
Checking kpro_compress
Checking kpro_connection
Checking kpro_consumer_group
Checking kpro_lib
Checking kpro_prelude_schema
Checking kpro_req_lib
Checking kpro_rsp_lib
Checking kpro_sasl
Checking kpro_schema
Checking kpro_scram
Checking kpro_sent_reqs
Checking kpro_sup
Checking kpro_txn_lib
Checking kpro_varint
Checking mochifmt
Checking mochifmt_records
Checking mochifmt_std
Checking mochiglobal
Checking mochihex
Checking mochijson
Checking mochijson2
Checking mochilists
Checking mochilogfile2
Checking mochinum
Checking mochitemp
Checking mochiutf8
Checking mochiweb
Checking mochiweb_acceptor
Checking mochiweb_base64url
Checking mochiweb_charref
Checking mochiweb_clock
Checking mochiweb_cookies
Checking mochiweb_cover
Checking mochiweb_echo
Checking mochiweb_headers
Checking mochiweb_html
Checking mochiweb_http
Checking mochiweb_io
Checking mochiweb_mime
Checking mochiweb_multipart
Checking mochiweb_request
Checking mochiweb_response
Checking mochiweb_session
Checking mochiweb_socket
Checking mochiweb_socket_server
Checking mochiweb_util
Checking mochiweb_websocket
Checking reloader
Checking sync
Checking sync_notify
Checking sync_options
Checking sync_scanner
Checking sync_utils
Checking waialua
Checking waialua_app
Checking waialua_client
Checking waialua_consume
Checking waialua_publish
Checking waialua_sup
Checking mochiweb_socket_server
Checking brod
Checking kpro_rsp_lib
Checking mochiweb_acceptor
Checking brod_topic_subscriber_cb_fun
Checking brod_producer_buffer
Checking mochiweb_request
Checking brod_utils
Checking brod_kafka_apis
Checking waialua_consume
Checking brod_producers_sup
Checking kpro
Checking kpro_connection
Checking kpro_batch
Checking kpro_brokers
Checking brod_cg_commits
Checking brod_group_subscriber_v2
Checking kpro_batch_v01
Checking brod_transaction_processor
Checking brod_client
Checking kpro_sent_reqs
Checking brod_kafka_request
Checking kpro_consumer_group
Checking brod_group_subscriber
Checking kpro_lib
Checking kpro_sasl
Checking brod_topic_subscriber
Checking brod_producer
Checking brod_consumers_sup
Checking kpro_compress
Checking brod_sup
Checking brod_group_member
Checking kpro_txn_lib
Checking brod_consumer
Checking brod_group_subscriber_worker
Checking brod_group_coordinator
Checking kpro_req_lib
/home/kapranov/Projects/bin/erlang-projects/nfc_card/apps/waialua/src/waialua_publish.erl
Checking crc32cer
Checking brod
Checking brod_cg_commits
Checking brod_client
Checking brod_consumer
Checking brod_consumers_sup
Checking brod_group_coordinator
Checking brod_group_member
Checking brod_group_subscriber
Checking brod_group_subscriber_v2
Checking brod_group_subscriber_worker
Checking brod_kafka_apis
Checking brod_kafka_request
Checking brod_producer
Checking brod_producer_buffer
Checking brod_producers_sup
Checking brod_sup
Checking brod_supervisor3
Checking brod_topic_subscriber
Checking brod_topic_subscriber_cb_fun
Checking brod_transaction
Checking brod_transaction_processor
Checking brod_utils
Checking kpro
Checking kpro_api_vsn
Checking kpro_app
Checking kpro_auth_backend
Checking kpro_batch
Checking kpro_batch_v01
Checking kpro_brokers
Checking kpro_compress
Checking kpro_connection
Checking kpro_consumer_group
Checking kpro_lib
Checking kpro_prelude_schema
Checking kpro_req_lib
Checking kpro_rsp_lib
Checking kpro_sasl
Checking kpro_schema
Checking kpro_scram
Checking kpro_sent_reqs
Checking kpro_sup
Checking kpro_txn_lib
Checking kpro_varint
Checking mochifmt
Checking mochifmt_records
Checking mochifmt_std
Checking mochiglobal
Checking mochihex
Checking mochijson
Checking mochijson2
Checking mochilists
Checking mochilogfile2
Checking mochinum
Checking mochitemp
Checking mochiutf8
Checking mochiweb
Checking mochiweb_acceptor
Checking mochiweb_base64url
Checking mochiweb_charref
Checking mochiweb_clock
Checking mochiweb_cookies
Checking mochiweb_cover
Checking mochiweb_echo
Checking mochiweb_headers
Checking mochiweb_html
Checking mochiweb_http
Checking mochiweb_io
Checking mochiweb_mime
Checking mochiweb_multipart
Checking mochiweb_request
Checking mochiweb_response
Checking mochiweb_session
Checking mochiweb_socket
Checking mochiweb_socket_server
Checking mochiweb_util
Checking mochiweb_websocket
Checking reloader
Checking sync
Checking sync_notify
Checking sync_options
Checking sync_scanner
Checking sync_utils
Checking waialua
Checking waialua_app
Checking waialua_client
Checking waialua_consume
Checking waialua_publish
Checking waialua_sup
Checking mochiweb_socket_server
Checking brod
Checking kpro_rsp_lib
Checking mochiweb_acceptor
Checking brod_topic_subscriber_cb_fun
Checking brod_producer_buffer
Checking mochiweb_request
Checking brod_utils
Checking brod_kafka_apis
Checking waialua_consume
Checking brod_producers_sup
Checking kpro
Checking kpro_connection
Checking kpro_batch
Checking kpro_brokers
Checking brod_cg_commits
Checking brod_group_subscriber_v2
Checking kpro_batch_v01
Checking brod_transaction_processor
Checking brod_client
Checking kpro_sent_reqs
Checking brod_kafka_request
Checking kpro_consumer_group
Checking brod_group_subscriber
Checking kpro_lib
Checking kpro_sasl
Checking brod_topic_subscriber
Checking brod_producer
Checking brod_consumers_sup
Checking kpro_compress
Checking brod_sup
Checking brod_group_member
Checking kpro_txn_lib
Checking brod_consumer
Checking brod_group_subscriber_worker
Checking brod_group_coordinator
Checking kpro_req_lib
Checking crc32cer
/home/kapranov/Projects/bin/erlang-projects/nfc_card/apps/waialua/src/waialua_consume.erl
/home/kapranov/Projects/bin/erlang-projects/nfc_card/apps/waialua/src/waialua_publish.erl
/home/kapranov/Projects/bin/erlang-projects/nfc_card/apps/waialua/src/waialua_publish.erl
/home/kapranov/Projects/bin/erlang-projects/nfc_card/apps/waialua/src/waialua_publish.erl
/home/kapranov/Projects/bin/erlang-projects/nfc_card/apps/waialua/src/waialua_publish.erl
Checking brod
Checking brod_cg_commits
Checking brod_client
Checking brod_consumer
Checking brod_consumers_sup
Checking brod_group_coordinator
Checking brod_group_member
Checking brod_group_subscriber
Checking brod_group_subscriber_v2
Checking brod_group_subscriber_worker
Checking brod_kafka_apis
Checking brod_kafka_request
Checking brod_producer
Checking brod_producer_buffer
Checking brod_producers_sup
Checking brod_sup
Checking brod_supervisor3
Checking brod_topic_subscriber
Checking brod_topic_subscriber_cb_fun
Checking brod_transaction
Checking brod_transaction_processor
Checking brod_utils
Checking kpro
Checking kpro_api_vsn
Checking kpro_app
Checking kpro_auth_backend
Checking kpro_batch
Checking kpro_batch_v01
Checking kpro_brokers
Checking kpro_compress
Checking kpro_connection
Checking kpro_consumer_group
Checking kpro_lib
Checking kpro_prelude_schema
Checking kpro_req_lib
Checking kpro_rsp_lib
Checking kpro_sasl
Checking kpro_schema
Checking kpro_scram
Checking kpro_sent_reqs
Checking kpro_sup
Checking kpro_txn_lib
Checking kpro_varint
Checking mochifmt
Checking mochifmt_records
Checking mochifmt_std
Checking mochiglobal
Checking mochihex
Checking mochijson
Checking mochijson2
Checking mochilists
Checking mochilogfile2
Checking mochinum
Checking mochitemp
Checking mochiutf8
Checking mochiweb
Checking mochiweb_acceptor
Checking mochiweb_base64url
Checking mochiweb_charref
Checking mochiweb_clock
Checking mochiweb_cookies
Checking mochiweb_cover
Checking mochiweb_echo
Checking mochiweb_headers
Checking mochiweb_html
Checking mochiweb_http
Checking mochiweb_io
Checking mochiweb_mime
Checking mochiweb_multipart
Checking mochiweb_request
Checking mochiweb_response
Checking mochiweb_session
Checking mochiweb_socket
Checking mochiweb_socket_server
Checking mochiweb_util
Checking mochiweb_websocket
Checking reloader
Checking sync
Checking sync_notify
Checking sync_options
Checking sync_scanner
Checking sync_utils
Checking waialua
Checking waialua_app
Checking waialua_client
Checking waialua_consume
Checking waialua_publish
Checking waialua_sup
Checking mochiweb_socket_server
Checking brod
Checking kpro_rsp_lib
Checking mochiweb_acceptor
Checking brod_topic_subscriber_cb_fun
Checking brod_producer_buffer
Checking mochiweb_request
Checking brod_utils
Checking brod_kafka_apis
Checking waialua_consume
Checking brod_producers_sup
Checking kpro
Checking kpro_connection
Checking kpro_batch
Checking kpro_brokers
Checking brod_cg_commits
Checking brod_group_subscriber_v2
Checking kpro_batch_v01
Checking brod_transaction_processor
Checking brod_client
Checking kpro_sent_reqs
Checking brod_kafka_request
Checking kpro_consumer_group
Checking brod_group_subscriber
Checking kpro_lib
Checking kpro_sasl
Checking brod_topic_subscriber
Checking brod_producer
Checking brod_consumers_sup
Checking kpro_compress
Checking brod_sup
Checking brod_group_member
Checking kpro_txn_lib
Checking brod_consumer
Checking brod_group_subscriber_worker
Checking brod_group_coordinator
Checking kpro_req_lib
/home/kapranov/Projects/bin/erlang-projects/nfc_card/apps/waialua/src/waialua_client.erl
/home/kapranov/Projects/bin/erlang-projects/nfc_card/apps/waialua/src/waialua_client.erl
/home/kapranov/Projects/bin/erlang-projects/nfc_card/apps/waialua/src/waialua_client.erl
Checking brod
Checking brod_cg_commits
Checking brod_client
Checking brod_consumer
Checking brod_consumers_sup
Checking brod_group_coordinator
Checking brod_group_member
Checking brod_group_subscriber
Checking brod_group_subscriber_v2
Checking brod_group_subscriber_worker
Checking brod_kafka_apis
Checking brod_kafka_request
Checking brod_producer
Checking brod_producer_buffer
Checking brod_producers_sup
Checking brod_sup
Checking brod_supervisor3
Checking brod_topic_subscriber
Checking brod_topic_subscriber_cb_fun
Checking brod_transaction
Checking brod_transaction_processor
Checking brod_utils
Checking kpro
Checking kpro_api_vsn
Checking kpro_app
Checking kpro_auth_backend
Checking kpro_batch
Checking kpro_batch_v01
Checking kpro_brokers
Checking kpro_compress
Checking kpro_connection
Checking kpro_consumer_group
Checking kpro_lib
Checking kpro_prelude_schema
Checking kpro_req_lib
Checking kpro_rsp_lib
Checking kpro_sasl
Checking kpro_schema
Checking kpro_scram
Checking kpro_sent_reqs
Checking kpro_sup
Checking kpro_txn_lib
Checking kpro_varint
Checking mochifmt
Checking mochifmt_records
Checking mochifmt_std
Checking mochiglobal
Checking mochihex
Checking mochijson
Checking mochijson2
Checking mochilists
Checking mochilogfile2
Checking mochinum
Checking mochitemp
Checking mochiutf8
Checking mochiweb
Checking mochiweb_acceptor
Checking mochiweb_base64url
Checking mochiweb_charref
Checking mochiweb_clock
Checking mochiweb_cookies
Checking mochiweb_cover
Checking mochiweb_echo
Checking mochiweb_headers
Checking mochiweb_html
Checking mochiweb_http
Checking mochiweb_io
Checking mochiweb_mime
Checking mochiweb_multipart
Checking mochiweb_request
Checking mochiweb_response
Checking mochiweb_session
Checking mochiweb_socket
Checking mochiweb_socket_server
Checking mochiweb_util
Checking mochiweb_websocket
Checking reloader
Checking sync
Checking sync_notify
Checking sync_options
Checking sync_scanner
Checking sync_utils
Checking waialua
Checking waialua_app
Checking waialua_client
Checking waialua_consume
Checking waialua_publish
Checking waialua_sup
Checking mochiweb_socket_server
Checking brod
Checking kpro_rsp_lib
Checking mochiweb_acceptor
Checking brod_topic_subscriber_cb_fun
Checking brod_producer_buffer
Checking mochiweb_request
Checking brod_utils
Checking brod_kafka_apis
Checking waialua_consume
Checking brod_producers_sup
Checking kpro
Checking kpro_connection
Checking kpro_batch
Checking kpro_brokers
Checking brod_cg_commits
Checking brod_group_subscriber_v2
Checking kpro_batch_v01
Checking brod_transaction_processor
Checking brod_client
Checking kpro_sent_reqs
Checking brod_kafka_request
Checking kpro_consumer_group
Checking brod_group_subscriber
Checking kpro_lib
Checking kpro_sasl
Checking brod_topic_subscriber
Checking brod_producer
Checking brod_consumers_sup
Checking kpro_compress
Checking brod_sup
Checking brod_group_member
Checking kpro_txn_lib
Checking brod_consumer
Checking brod_group_subscriber_worker
Checking brod_group_coordinator
Checking kpro_req_lib
Checking brod
Checking brod_cg_commits
Checking brod_client
Checking brod_consumer
Checking brod_consumers_sup
Checking brod_group_coordinator
Checking brod_group_member
Checking brod_group_subscriber
Checking brod_group_subscriber_v2
Checking brod_group_subscriber_worker
Checking brod_kafka_apis
Checking brod_kafka_request
Checking brod_producer
Checking brod_producer_buffer
Checking brod_producers_sup
Checking brod_sup
Checking brod_supervisor3
Checking brod_topic_subscriber
Checking brod_topic_subscriber_cb_fun
Checking brod_transaction
Checking brod_transaction_processor
Checking brod_utils
Checking kpro
Checking kpro_api_vsn
Checking kpro_app
Checking kpro_auth_backend
Checking kpro_batch
Checking kpro_batch_v01
Checking kpro_brokers
Checking kpro_compress
Checking kpro_connection
Checking kpro_consumer_group
Checking kpro_lib
Checking kpro_prelude_schema
Checking kpro_req_lib
Checking kpro_rsp_lib
Checking kpro_sasl
Checking kpro_schema
Checking kpro_scram
Checking kpro_sent_reqs
Checking kpro_sup
Checking kpro_txn_lib
Checking kpro_varint
Checking mochifmt
Checking mochifmt_records
Checking mochifmt_std
Checking mochiglobal
Checking mochihex
Checking mochijson
Checking mochijson2
Checking mochilists
Checking mochilogfile2
Checking mochinum
Checking mochitemp
Checking mochiutf8
Checking mochiweb
Checking mochiweb_acceptor
Checking mochiweb_base64url
Checking mochiweb_charref
Checking mochiweb_clock
Checking mochiweb_cookies
Checking mochiweb_cover
Checking mochiweb_echo
Checking mochiweb_headers
Checking mochiweb_html
Checking mochiweb_http
Checking mochiweb_io
Checking mochiweb_mime
Checking mochiweb_multipart
Checking mochiweb_request
Checking mochiweb_response
Checking mochiweb_session
Checking mochiweb_socket
Checking mochiweb_socket_server
Checking mochiweb_util
Checking mochiweb_websocket
Checking reloader
Checking sync
Checking sync_notify
Checking sync_options
Checking sync_scanner
Checking sync_utils
Checking waialua
Checking waialua_app
Checking waialua_client
Checking waialua_consume
Checking waialua_publish
Checking waialua_sup
Checking mochiweb_socket_server
Checking brod
Checking kpro_rsp_lib
Checking mochiweb_acceptor
Checking brod_topic_subscriber_cb_fun
Checking brod_producer_buffer
Checking mochiweb_request
Checking brod_utils
Checking brod_kafka_apis
Checking waialua_consume
Checking brod_producers_sup
Checking kpro
Checking kpro_connection
Checking kpro_batch
Checking kpro_brokers
Checking brod_cg_commits
Checking brod_group_subscriber_v2
Checking kpro_batch_v01
Checking brod_transaction_processor
Checking brod_client
Checking kpro_sent_reqs
Checking brod_kafka_request
Checking kpro_consumer_group
Checking brod_group_subscriber
Checking kpro_lib
Checking kpro_sasl
Checking brod_topic_subscriber
Checking brod_producer
Checking brod_consumers_sup
Checking kpro_compress
Checking brod_sup
Checking brod_group_member
Checking kpro_txn_lib
Checking brod_consumer
Checking brod_group_subscriber_worker
Checking brod_group_coordinator
Checking kpro_req_lib
Checking crc32cer
Checking jiffy
Checking jiffy_utf8
/home/kapranov/Projects/bin/erlang-projects/nfc_card/apps/waialua/src/waialua.erl
/home/kapranov/Projects/bin/erlang-projects/nfc_card/apps/waialua/src/waialua.erl
/home/kapranov/Projects/bin/erlang-projects/nfc_card/apps/waialua/src/waialua.erl
/home/kapranov/Projects/bin/erlang-projects/nfc_card/apps/waialua/src/waialua.erl
/home/kapranov/Projects/bin/erlang-projects/nfc_card/apps/waialua/src/waialua.erl
/home/kapranov/Projects/bin/erlang-projects/nfc_card/apps/waialua/src/waialua.erl
/home/kapranov/Projects/bin/erlang-projects/nfc_card/apps/waialua/src/waialua.erl
/home/kapranov/Projects/bin/erlang-projects/nfc_card/apps/waialua/src/waialua.erl
/home/kapranov/Projects/bin/erlang-projects/nfc_card/apps/waialua/src/waialua.erl
/home/kapranov/Projects/bin/erlang-projects/nfc_card/apps/waialua/src/waialua.erl
/home/kapranov/Projects/bin/erlang-projects/nfc_card/apps/waialua/src/waialua.erl
/home/kapranov/Projects/bin/erlang-projects/nfc_card/apps/waialua/src/waialua.erl
/home/kapranov/Projects/bin/erlang-projects/nfc_card/apps/waialua/src/waialua.erl
/home/kapranov/Projects/bin/erlang-projects/nfc_card/apps/waialua/src/waialua.erl
/home/kapranov/Projects/bin/erlang-projects/nfc_card/apps/waialua/src/waialua.erl
Checking brod
Checking brod_cg_commits
Checking brod_client
Checking brod_consumer
Checking brod_consumers_sup
Checking brod_group_coordinator
Checking brod_group_member
Checking brod_group_subscriber
Checking brod_group_subscriber_v2
Checking brod_group_subscriber_worker
Checking brod_kafka_apis
Checking brod_kafka_request
Checking brod_producer
Checking brod_producer_buffer
Checking brod_producers_sup
Checking brod_sup
Checking brod_supervisor3
Checking brod_topic_subscriber
Checking brod_topic_subscriber_cb_fun
Checking brod_transaction
Checking brod_transaction_processor
Checking brod_utils
Checking kpro
Checking kpro_api_vsn
Checking kpro_app
Checking kpro_auth_backend
Checking kpro_batch
Checking kpro_batch_v01
Checking kpro_brokers
Checking kpro_compress
Checking kpro_connection
Checking kpro_consumer_group
Checking kpro_lib
Checking kpro_prelude_schema
Checking kpro_req_lib
Checking kpro_rsp_lib
Checking kpro_sasl
Checking kpro_schema
Checking kpro_scram
Checking kpro_sent_reqs
Checking kpro_sup
Checking kpro_txn_lib
Checking kpro_varint
Checking mochifmt
Checking mochifmt_records
Checking mochifmt_std
Checking mochiglobal
Checking mochihex
Checking mochijson
Checking mochijson2
Checking mochilists
Checking mochilogfile2
Checking mochinum
Checking mochitemp
Checking mochiutf8
Checking mochiweb
Checking mochiweb_acceptor
Checking mochiweb_base64url
Checking mochiweb_charref
Checking mochiweb_clock
Checking mochiweb_cookies
Checking mochiweb_cover
Checking mochiweb_echo
Checking mochiweb_headers
Checking mochiweb_html
Checking mochiweb_http
Checking mochiweb_io
Checking mochiweb_mime
Checking mochiweb_multipart
Checking mochiweb_request
Checking mochiweb_response
Checking mochiweb_session
Checking mochiweb_socket
Checking mochiweb_socket_server
Checking mochiweb_util
Checking mochiweb_websocket
Checking reloader
Checking sync
Checking sync_notify
Checking sync_options
Checking sync_scanner
Checking sync_utils
Checking waialua
Checking waialua_app
Checking waialua_client
Checking waialua_consume
Checking waialua_publish
Checking waialua_sup
Checking mochiweb_socket_server
Checking brod
Checking kpro_rsp_lib
Checking mochiweb_acceptor
Checking brod_topic_subscriber_cb_fun
Checking brod_producer_buffer
Checking mochiweb_request
Checking brod_utils
Checking brod_kafka_apis
Checking waialua_consume
Checking brod_producers_sup
Checking kpro
Checking kpro_connection
Checking kpro_batch
Checking kpro_brokers
Checking brod_cg_commits
Checking brod_group_subscriber_v2
Checking kpro_batch_v01
Checking brod_transaction_processor
Checking brod_client
Checking kpro_sent_reqs
Checking brod_kafka_request
Checking kpro_consumer_group
Checking brod_group_subscriber
Checking kpro_lib
Checking kpro_sasl
Checking brod_topic_subscriber
Checking brod_producer
Checking brod_consumers_sup
Checking kpro_compress
Checking brod_sup
Checking brod_group_member
Checking kpro_txn_lib
Checking brod_consumer
Checking brod_group_subscriber_worker
Checking brod_group_coordinator
Checking kpro_req_lib
/home/kapranov/Projects/bin/erlang-projects/nfc_card/apps/waialua/src/waialua.erl
/home/kapranov/Projects/bin/erlang-projects/nfc_card/apps/waialua/src/waialua.erl
/home/kapranov/Projects/bin/erlang-projects/nfc_card/apps/waialua/src/waialua.erl
/home/kapranov/Projects/bin/erlang-projects/nfc_card/apps/waialua/src/waialua_publish.erl
/home/kapranov/Projects/bin/erlang-projects/nfc_card/apps/waialua/src/waialua.erl
/home/kapranov/Projects/bin/erlang-projects/nfc_card/apps/waialua/src/waialua.erl
/home/kapranov/Projects/bin/erlang-projects/nfc_card/apps/waialua/src/waialua.erl
/home/kapranov/Projects/bin/erlang-projects/nfc_card/apps/waialua/src/waialua.erl
/home/kapranov/Projects/bin/erlang-projects/nfc_card/apps/waialua/src/waialua.erl
/home/kapranov/Projects/bin/erlang-projects/nfc_card/apps/waialua/src/waialua.erl
/home/kapranov/Projects/bin/erlang-projects/nfc_card/apps/waialua/src/waialua.erl
/home/kapranov/Projects/bin/erlang-projects/nfc_card/apps/waialua/src/waialua.erl
Checking crc32cer
/home/kapranov/Projects/bin/erlang-projects/nfc_card/apps/waialua/src/waialua.erl
/home/kapranov/Projects/bin/erlang-projects/nfc_card/apps/waialua/src/waialua.erl
/home/kapranov/Projects/bin/erlang-projects/nfc_card/apps/waialua/src/waialua.erl
/home/kapranov/Projects/bin/erlang-projects/nfc_card/apps/waialua/src/waialua.erl
/home/kapranov/Projects/bin/erlang-projects/nfc_card/apps/waialua/src/waialua.erl
/home/kapranov/Projects/bin/erlang-projects/nfc_card/apps/waialua/src/waialua.erl
/home/kapranov/Projects/bin/erlang-projects/nfc_card/apps/waialua/src/waialua.erl
/home/kapranov/Projects/bin/erlang-projects/nfc_card/apps/waialua/src/waialua.erl
/home/kapranov/Projects/bin/erlang-projects/nfc_card/apps/waialua/src/waialua.erl
/home/kapranov/Projects/bin/erlang-projects/nfc_card/apps/waialua/src/waialua.erl
/home/kapranov/Projects/bin/erlang-projects/nfc_card/apps/waialua/src/waialua.erl
/home/kapranov/Projects/bin/erlang-projects/nfc_card/apps/waialua/src/waialua.erl
/home/kapranov/Projects/bin/erlang-projects/nfc_card/apps/waialua/src/waialua.erl
/home/kapranov/Projects/bin/erlang-projects/nfc_card/apps/waialua/src/waialua.erl
/home/kapranov/Projects/bin/erlang-projects/nfc_card/apps/waialua/src/waialua.erl
/home/kapranov/Projects/bin/erlang-projects/nfc_card/apps/waialua/src/waialua.erl
/home/kapranov/Projects/bin/erlang-projects/nfc_card/apps/waialua/src/waialua.erl
/home/kapranov/Projects/bin/erlang-projects/nfc_card/apps/waialua/src/waialua.erl
/home/kapranov/Projects/bin/erlang-projects/nfc_card/apps/waialua/src/waialua.erl
/home/kapranov/Projects/bin/erlang-projects/nfc_card/apps/waialua/src/waialua.erl
